{"uuid":"16418953-a81b-4891-b96b-7ed1b586bd0e","historyId":"43448fb2ec20cb6be7baabf0ae9b1ea4","testCaseId":"f72ceaf95a6e2a787b57a10482083dc1","fullName":"src/test/resources/features/HomepageVital.feature:79","labels":[{"name":"tag","value":"try"},{"name":"tag","value":"hpv"},{"name":"host","value":"Blossoms"},{"name":"thread","value":"29168@Blossoms.main(1)"},{"name":"feature","value":"Validation for Home page – Vitals, header and navigation (free user)"},{"name":"story","value":"BMI value 22.0 shows category \"Normal\""},{"name":"suite","value":"Validation for Home page – Vitals, header and navigation (free user)"},{"name":"testClass","value":"BMI value 22.0 shows category \"Normal\""},{"name":"framework","value":"cucumber4jvm"},{"name":"language","value":"java"},{"name":"gherkin_uri","value":"file:///C:/Users/bloss/git/Team4_WellnessWarriors_Seleniumhackathon_June25/src/test/resources/features/HomepageVital.feature"},{"name":"package","value":"src.test.resources.features.HomepageVital_feature.Validation for Home page – Vitals, header and navigation (free user)"}],"links":[],"name":"BMI value 22.0 shows category \"Normal\"","status":"broken","statusDetails":{"known":false,"muted":false,"flaky":false,"message":"no such element: Unable to locate element: {\"method\":\"xpath\",\"selector\":\".//*[normalize-space()='BMI']/parent::*/*[1]\"}\n  (Session info: chrome=137.0.7151.120)\nFor documentation on this error, please visit: https://www.selenium.dev/documentation/webdriver/troubleshooting/errors#no-such-element-exception\nBuild info: version: '4.33.0', revision: '2c6aaad03a'\nSystem info: os.name: 'Windows 11', os.arch: 'amd64', os.version: '10.0', java.version: '22.0.2'\nDriver info: org.openqa.selenium.chrome.ChromeDriver\nCommand: [3cf412c4f55819a06c11dfcbc4785ae4, findChildElement {using=xpath, value=.//*[normalize-space()='BMI']/parent::*/*[1], id=f.267B697CC5D25497E0E59ECC346986B7.d.6C396C0CD09CDDDDAA3C20E1EEF7C50D.e.505}]\nCapabilities {acceptInsecureCerts: false, browserName: chrome, browserVersion: 137.0.7151.120, chrome: {chromedriverVersion: 137.0.7151.119 (e0ac9d12dff..., userDataDir: C:\\Users\\bloss\\AppData\\Loca...}, fedcm:accounts: true, goog:chromeOptions: {debuggerAddress: localhost:64715}, networkConnectionEnabled: false, pageLoadStrategy: normal, platformName: windows, proxy: Proxy(), se:cdp: ws://localhost:64715/devtoo..., se:cdpVersion: 137.0.7151.120, setWindowRect: true, strictFileInteractability: false, timeouts: {implicit: 0, pageLoad: 300000, script: 30000}, unhandledPromptBehavior: dismiss and notify, webauthn:extension:credBlob: true, webauthn:extension:largeBlob: true, webauthn:extension:minPinLength: true, webauthn:extension:prf: true, webauthn:virtualAuthenticators: true}\nSession ID: 3cf412c4f55819a06c11dfcbc4785ae4","trace":"org.openqa.selenium.NoSuchElementException: no such element: Unable to locate element: {\"method\":\"xpath\",\"selector\":\".//*[normalize-space()='BMI']/parent::*/*[1]\"}\n  (Session info: chrome=137.0.7151.120)\nFor documentation on this error, please visit: https://www.selenium.dev/documentation/webdriver/troubleshooting/errors#no-such-element-exception\nBuild info: version: '4.33.0', revision: '2c6aaad03a'\nSystem info: os.name: 'Windows 11', os.arch: 'amd64', os.version: '10.0', java.version: '22.0.2'\nDriver info: org.openqa.selenium.chrome.ChromeDriver\nCommand: [3cf412c4f55819a06c11dfcbc4785ae4, findChildElement {using=xpath, value=.//*[normalize-space()='BMI']/parent::*/*[1], id=f.267B697CC5D25497E0E59ECC346986B7.d.6C396C0CD09CDDDDAA3C20E1EEF7C50D.e.505}]\nCapabilities {acceptInsecureCerts: false, browserName: chrome, browserVersion: 137.0.7151.120, chrome: {chromedriverVersion: 137.0.7151.119 (e0ac9d12dff..., userDataDir: C:\\Users\\bloss\\AppData\\Loca...}, fedcm:accounts: true, goog:chromeOptions: {debuggerAddress: localhost:64715}, networkConnectionEnabled: false, pageLoadStrategy: normal, platformName: windows, proxy: Proxy(), se:cdp: ws://localhost:64715/devtoo..., se:cdpVersion: 137.0.7151.120, setWindowRect: true, strictFileInteractability: false, timeouts: {implicit: 0, pageLoad: 300000, script: 30000}, unhandledPromptBehavior: dismiss and notify, webauthn:extension:credBlob: true, webauthn:extension:largeBlob: true, webauthn:extension:minPinLength: true, webauthn:extension:prf: true, webauthn:virtualAuthenticators: true}\nSession ID: 3cf412c4f55819a06c11dfcbc4785ae4\r\n\tat java.base/jdk.internal.reflect.DirectConstructorHandleAccessor.newInstance(DirectConstructorHandleAccessor.java:62)\r\n\tat java.base/java.lang.reflect.Constructor.newInstanceWithCaller(Constructor.java:502)\r\n\tat java.base/java.lang.reflect.Constructor.newInstance(Constructor.java:486)\r\n\tat org.openqa.selenium.remote.ErrorCodec.decode(ErrorCodec.java:167)\r\n\tat org.openqa.selenium.remote.codec.w3c.W3CHttpResponseCodec.decode(W3CHttpResponseCodec.java:138)\r\n\tat org.openqa.selenium.remote.codec.w3c.W3CHttpResponseCodec.decode(W3CHttpResponseCodec.java:50)\r\n\tat org.openqa.selenium.remote.HttpCommandExecutor.execute(HttpCommandExecutor.java:215)\r\n\tat org.openqa.selenium.remote.service.DriverCommandExecutor.invokeExecute(DriverCommandExecutor.java:216)\r\n\tat org.openqa.selenium.remote.service.DriverCommandExecutor.execute(DriverCommandExecutor.java:174)\r\n\tat org.openqa.selenium.remote.RemoteWebDriver.execute(RemoteWebDriver.java:544)\r\n\tat org.openqa.selenium.remote.ElementLocation$ElementFinder$2.findElement(ElementLocation.java:165)\r\n\tat org.openqa.selenium.remote.ElementLocation.findElement(ElementLocation.java:59)\r\n\tat org.openqa.selenium.remote.RemoteWebDriver.findElement(RemoteWebDriver.java:367)\r\n\tat org.openqa.selenium.remote.RemoteWebElement.findElement(RemoteWebElement.java:211)\r\n\tat java.base/jdk.internal.reflect.DirectMethodHandleAccessor.invoke(DirectMethodHandleAccessor.java:103)\r\n\tat java.base/java.lang.reflect.Method.invoke(Method.java:580)\r\n\tat org.openqa.selenium.support.pagefactory.internal.LocatingElementHandler.invoke(LocatingElementHandler.java:51)\r\n\tat jdk.proxy2/jdk.proxy2.$Proxy26.findElement(Unknown Source)\r\n\tat pageFactory.HomepageVitalPage.jsSetSquareValue(HomepageVitalPage.java:215)\r\n\tat pageFactory.HomepageVitalPage.injectBMIValue(HomepageVitalPage.java:89)\r\n\tat stepDefinition.HomepageVitalSteps.the_app_shows_bmi_value(HomepageVitalSteps.java:113)\r\n\tat ✽.the app shows BMI value 22.0(file:///C:/Users/bloss/git/Team4_WellnessWarriors_Seleniumhackathon_June25/src/test/resources/features/HomepageVital.feature:73)\r\n"},"stage":"finished","steps":[{"name":"Given a new free user is logged in and on the Home page","status":"passed","statusDetails":{"known":false,"muted":false,"flaky":false},"stage":"finished","steps":[],"attachments":[],"parameters":[],"start":1751481329486,"stop":1751481332790},{"name":"hooks.Hooks.afterStep(io.cucumber.java.Scenario)","status":"passed","statusDetails":{"known":false,"muted":false,"flaky":false},"stage":"finished","steps":[],"attachments":[],"parameters":[],"start":1751481332790,"stop":1751481332790},{"name":"When the app shows BMI value 22.0","status":"broken","statusDetails":{"known":false,"muted":false,"flaky":false,"message":"no such element: Unable to locate element: {\"method\":\"xpath\",\"selector\":\".//*[normalize-space()='BMI']/parent::*/*[1]\"}\n  (Session info: chrome=137.0.7151.120)\nFor documentation on this error, please visit: https://www.selenium.dev/documentation/webdriver/troubleshooting/errors#no-such-element-exception\nBuild info: version: '4.33.0', revision: '2c6aaad03a'\nSystem info: os.name: 'Windows 11', os.arch: 'amd64', os.version: '10.0', java.version: '22.0.2'\nDriver info: org.openqa.selenium.chrome.ChromeDriver\nCommand: [3cf412c4f55819a06c11dfcbc4785ae4, findChildElement {using=xpath, value=.//*[normalize-space()='BMI']/parent::*/*[1], id=f.267B697CC5D25497E0E59ECC346986B7.d.6C396C0CD09CDDDDAA3C20E1EEF7C50D.e.505}]\nCapabilities {acceptInsecureCerts: false, browserName: chrome, browserVersion: 137.0.7151.120, chrome: {chromedriverVersion: 137.0.7151.119 (e0ac9d12dff..., userDataDir: C:\\Users\\bloss\\AppData\\Loca...}, fedcm:accounts: true, goog:chromeOptions: {debuggerAddress: localhost:64715}, networkConnectionEnabled: false, pageLoadStrategy: normal, platformName: windows, proxy: Proxy(), se:cdp: ws://localhost:64715/devtoo..., se:cdpVersion: 137.0.7151.120, setWindowRect: true, strictFileInteractability: false, timeouts: {implicit: 0, pageLoad: 300000, script: 30000}, unhandledPromptBehavior: dismiss and notify, webauthn:extension:credBlob: true, webauthn:extension:largeBlob: true, webauthn:extension:minPinLength: true, webauthn:extension:prf: true, webauthn:virtualAuthenticators: true}\nSession ID: 3cf412c4f55819a06c11dfcbc4785ae4","trace":"org.openqa.selenium.NoSuchElementException: no such element: Unable to locate element: {\"method\":\"xpath\",\"selector\":\".//*[normalize-space()='BMI']/parent::*/*[1]\"}\n  (Session info: chrome=137.0.7151.120)\nFor documentation on this error, please visit: https://www.selenium.dev/documentation/webdriver/troubleshooting/errors#no-such-element-exception\nBuild info: version: '4.33.0', revision: '2c6aaad03a'\nSystem info: os.name: 'Windows 11', os.arch: 'amd64', os.version: '10.0', java.version: '22.0.2'\nDriver info: org.openqa.selenium.chrome.ChromeDriver\nCommand: [3cf412c4f55819a06c11dfcbc4785ae4, findChildElement {using=xpath, value=.//*[normalize-space()='BMI']/parent::*/*[1], id=f.267B697CC5D25497E0E59ECC346986B7.d.6C396C0CD09CDDDDAA3C20E1EEF7C50D.e.505}]\nCapabilities {acceptInsecureCerts: false, browserName: chrome, browserVersion: 137.0.7151.120, chrome: {chromedriverVersion: 137.0.7151.119 (e0ac9d12dff..., userDataDir: C:\\Users\\bloss\\AppData\\Loca...}, fedcm:accounts: true, goog:chromeOptions: {debuggerAddress: localhost:64715}, networkConnectionEnabled: false, pageLoadStrategy: normal, platformName: windows, proxy: Proxy(), se:cdp: ws://localhost:64715/devtoo..., se:cdpVersion: 137.0.7151.120, setWindowRect: true, strictFileInteractability: false, timeouts: {implicit: 0, pageLoad: 300000, script: 30000}, unhandledPromptBehavior: dismiss and notify, webauthn:extension:credBlob: true, webauthn:extension:largeBlob: true, webauthn:extension:minPinLength: true, webauthn:extension:prf: true, webauthn:virtualAuthenticators: true}\nSession ID: 3cf412c4f55819a06c11dfcbc4785ae4\r\n\tat java.base/jdk.internal.reflect.DirectConstructorHandleAccessor.newInstance(DirectConstructorHandleAccessor.java:62)\r\n\tat java.base/java.lang.reflect.Constructor.newInstanceWithCaller(Constructor.java:502)\r\n\tat java.base/java.lang.reflect.Constructor.newInstance(Constructor.java:486)\r\n\tat org.openqa.selenium.remote.ErrorCodec.decode(ErrorCodec.java:167)\r\n\tat org.openqa.selenium.remote.codec.w3c.W3CHttpResponseCodec.decode(W3CHttpResponseCodec.java:138)\r\n\tat org.openqa.selenium.remote.codec.w3c.W3CHttpResponseCodec.decode(W3CHttpResponseCodec.java:50)\r\n\tat org.openqa.selenium.remote.HttpCommandExecutor.execute(HttpCommandExecutor.java:215)\r\n\tat org.openqa.selenium.remote.service.DriverCommandExecutor.invokeExecute(DriverCommandExecutor.java:216)\r\n\tat org.openqa.selenium.remote.service.DriverCommandExecutor.execute(DriverCommandExecutor.java:174)\r\n\tat org.openqa.selenium.remote.RemoteWebDriver.execute(RemoteWebDriver.java:544)\r\n\tat org.openqa.selenium.remote.ElementLocation$ElementFinder$2.findElement(ElementLocation.java:165)\r\n\tat org.openqa.selenium.remote.ElementLocation.findElement(ElementLocation.java:59)\r\n\tat org.openqa.selenium.remote.RemoteWebDriver.findElement(RemoteWebDriver.java:367)\r\n\tat org.openqa.selenium.remote.RemoteWebElement.findElement(RemoteWebElement.java:211)\r\n\tat java.base/jdk.internal.reflect.DirectMethodHandleAccessor.invoke(DirectMethodHandleAccessor.java:103)\r\n\tat java.base/java.lang.reflect.Method.invoke(Method.java:580)\r\n\tat org.openqa.selenium.support.pagefactory.internal.LocatingElementHandler.invoke(LocatingElementHandler.java:51)\r\n\tat jdk.proxy2/jdk.proxy2.$Proxy26.findElement(Unknown Source)\r\n\tat pageFactory.HomepageVitalPage.jsSetSquareValue(HomepageVitalPage.java:215)\r\n\tat pageFactory.HomepageVitalPage.injectBMIValue(HomepageVitalPage.java:89)\r\n\tat stepDefinition.HomepageVitalSteps.the_app_shows_bmi_value(HomepageVitalSteps.java:113)\r\n\tat ✽.the app shows BMI value 22.0(file:///C:/Users/bloss/git/Team4_WellnessWarriors_Seleniumhackathon_June25/src/test/resources/features/HomepageVital.feature:73)\r\n"},"stage":"finished","steps":[],"attachments":[],"parameters":[],"start":1751481332791,"stop":1751481352908},{"name":"hooks.Hooks.afterStep(io.cucumber.java.Scenario)","status":"passed","statusDetails":{"known":false,"muted":false,"flaky":false},"stage":"finished","steps":[],"attachments":[{"name":"My screenshot","source":"b778837d-48de-49d9-a8b7-132a57c4d810-attachment","type":"image/png"},{"name":"Myscreenshot","source":"d98e8b06-8a53-41c0-8e17-47222f913204-attachment"}],"parameters":[],"start":1751481352908,"stop":1751481353067},{"name":"Then the category text equals \"Normal\"","status":"skipped","statusDetails":{"known":false,"muted":false,"flaky":false},"stage":"finished","steps":[],"attachments":[],"parameters":[],"start":1751481353068,"stop":1751481353068},{"name":"hooks.Hooks.afterStep(io.cucumber.java.Scenario)","status":"skipped","statusDetails":{"known":false,"muted":false,"flaky":false},"stage":"finished","steps":[],"attachments":[],"parameters":[],"start":1751481353068,"stop":1751481353068}],"attachments":[],"parameters":[{"name":"bmi","value":"22.0"},{"name":"category","value":"Normal"}],"start":1751481326772,"stop":1751481353267}