{"uuid":"1d89271e-fbf4-4ff8-a8db-aabc692debd6","historyId":"513addcbfad166435c2bbfcc17de4a5d","testCaseId":"9513bc518ab63c7d2059ebe5af813600","fullName":"src/test/resources/features/HomepageVital.feature:68","labels":[{"name":"tag","value":"try"},{"name":"tag","value":"hpv"},{"name":"host","value":"Blossoms"},{"name":"thread","value":"29708@Blossoms.main(1)"},{"name":"feature","value":"Validation for Home page – Vitals, header and navigation (free user)"},{"name":"story","value":"HbA1C value 6.1 shows condition \"Pre-Diabetic\""},{"name":"suite","value":"Validation for Home page – Vitals, header and navigation (free user)"},{"name":"testClass","value":"HbA1C value 6.1 shows condition \"Pre-Diabetic\""},{"name":"framework","value":"cucumber4jvm"},{"name":"language","value":"java"},{"name":"gherkin_uri","value":"file:///C:/Users/bloss/git/Team4_WellnessWarriors_Seleniumhackathon_June25/src/test/resources/features/HomepageVital.feature"},{"name":"package","value":"src.test.resources.features.HomepageVital_feature.Validation for Home page – Vitals, header and navigation (free user)"}],"links":[],"name":"HbA1C value 6.1 shows condition \"Pre-Diabetic\"","status":"broken","statusDetails":{"known":false,"muted":false,"flaky":false,"message":"no such element: Unable to locate element: {\"method\":\"xpath\",\"selector\":\"preceding-sibling::*[1]\"}\n  (Session info: chrome=137.0.7151.120)\nFor documentation on this error, please visit: https://www.selenium.dev/documentation/webdriver/troubleshooting/errors#no-such-element-exception\nBuild info: version: '4.33.0', revision: '2c6aaad03a'\nSystem info: os.name: 'Windows 11', os.arch: 'amd64', os.version: '10.0', java.version: '22.0.2'\nDriver info: org.openqa.selenium.chrome.ChromeDriver\nCommand: [fc7f8b498125b85916a1c91ffb1db8ab, findChildElement {id=f.D152C287E2D41C544520AA657BE609A1.d.0FE19CA815D7FD6A4599A721C497B646.e.484, value=preceding-sibling::*[1], using=xpath}]\nCapabilities {acceptInsecureCerts: false, browserName: chrome, browserVersion: 137.0.7151.120, chrome: {chromedriverVersion: 137.0.7151.119 (e0ac9d12dff..., userDataDir: C:\\Users\\bloss\\AppData\\Loca...}, fedcm:accounts: true, goog:chromeOptions: {debuggerAddress: localhost:65181}, networkConnectionEnabled: false, pageLoadStrategy: normal, platformName: windows, proxy: Proxy(), se:cdp: ws://localhost:65181/devtoo..., se:cdpVersion: 137.0.7151.120, setWindowRect: true, strictFileInteractability: false, timeouts: {implicit: 0, pageLoad: 300000, script: 30000}, unhandledPromptBehavior: dismiss and notify, webauthn:extension:credBlob: true, webauthn:extension:largeBlob: true, webauthn:extension:minPinLength: true, webauthn:extension:prf: true, webauthn:virtualAuthenticators: true}\nSession ID: fc7f8b498125b85916a1c91ffb1db8ab","trace":"org.openqa.selenium.NoSuchElementException: no such element: Unable to locate element: {\"method\":\"xpath\",\"selector\":\"preceding-sibling::*[1]\"}\n  (Session info: chrome=137.0.7151.120)\nFor documentation on this error, please visit: https://www.selenium.dev/documentation/webdriver/troubleshooting/errors#no-such-element-exception\nBuild info: version: '4.33.0', revision: '2c6aaad03a'\nSystem info: os.name: 'Windows 11', os.arch: 'amd64', os.version: '10.0', java.version: '22.0.2'\nDriver info: org.openqa.selenium.chrome.ChromeDriver\nCommand: [fc7f8b498125b85916a1c91ffb1db8ab, findChildElement {id=f.D152C287E2D41C544520AA657BE609A1.d.0FE19CA815D7FD6A4599A721C497B646.e.484, value=preceding-sibling::*[1], using=xpath}]\nCapabilities {acceptInsecureCerts: false, browserName: chrome, browserVersion: 137.0.7151.120, chrome: {chromedriverVersion: 137.0.7151.119 (e0ac9d12dff..., userDataDir: C:\\Users\\bloss\\AppData\\Loca...}, fedcm:accounts: true, goog:chromeOptions: {debuggerAddress: localhost:65181}, networkConnectionEnabled: false, pageLoadStrategy: normal, platformName: windows, proxy: Proxy(), se:cdp: ws://localhost:65181/devtoo..., se:cdpVersion: 137.0.7151.120, setWindowRect: true, strictFileInteractability: false, timeouts: {implicit: 0, pageLoad: 300000, script: 30000}, unhandledPromptBehavior: dismiss and notify, webauthn:extension:credBlob: true, webauthn:extension:largeBlob: true, webauthn:extension:minPinLength: true, webauthn:extension:prf: true, webauthn:virtualAuthenticators: true}\nSession ID: fc7f8b498125b85916a1c91ffb1db8ab\r\n\tat java.base/jdk.internal.reflect.DirectConstructorHandleAccessor.newInstance(DirectConstructorHandleAccessor.java:62)\r\n\tat java.base/java.lang.reflect.Constructor.newInstanceWithCaller(Constructor.java:502)\r\n\tat java.base/java.lang.reflect.Constructor.newInstance(Constructor.java:486)\r\n\tat org.openqa.selenium.remote.ErrorCodec.decode(ErrorCodec.java:167)\r\n\tat org.openqa.selenium.remote.codec.w3c.W3CHttpResponseCodec.decode(W3CHttpResponseCodec.java:138)\r\n\tat org.openqa.selenium.remote.codec.w3c.W3CHttpResponseCodec.decode(W3CHttpResponseCodec.java:50)\r\n\tat org.openqa.selenium.remote.HttpCommandExecutor.execute(HttpCommandExecutor.java:215)\r\n\tat org.openqa.selenium.remote.service.DriverCommandExecutor.invokeExecute(DriverCommandExecutor.java:216)\r\n\tat org.openqa.selenium.remote.service.DriverCommandExecutor.execute(DriverCommandExecutor.java:174)\r\n\tat org.openqa.selenium.remote.RemoteWebDriver.execute(RemoteWebDriver.java:544)\r\n\tat org.openqa.selenium.remote.ElementLocation$ElementFinder$2.findElement(ElementLocation.java:165)\r\n\tat org.openqa.selenium.remote.ElementLocation.findElement(ElementLocation.java:59)\r\n\tat org.openqa.selenium.remote.RemoteWebDriver.findElement(RemoteWebDriver.java:367)\r\n\tat org.openqa.selenium.remote.RemoteWebElement.findElement(RemoteWebElement.java:211)\r\n\tat pageFactory.HomepageVitalPage.jsSetSquareValue(HomepageVitalPage.java:213)\r\n\tat pageFactory.HomepageVitalPage.injectHbA1CValue(HomepageVitalPage.java:86)\r\n\tat stepDefinition.HomepageVitalSteps.the_app_shows_hba1c_value(HomepageVitalSteps.java:89)\r\n\tat ✽.the app shows HbA1C value 6.1(file:///C:/Users/bloss/git/Team4_WellnessWarriors_Seleniumhackathon_June25/src/test/resources/features/HomepageVital.feature:62)\r\n"},"stage":"finished","steps":[{"name":"Given a new free user is logged in and on the Home page","status":"passed","statusDetails":{"known":false,"muted":false,"flaky":false},"stage":"finished","steps":[],"attachments":[],"parameters":[],"start":1751481780199,"stop":1751481783447},{"name":"hooks.Hooks.afterStep(io.cucumber.java.Scenario)","status":"passed","statusDetails":{"known":false,"muted":false,"flaky":false},"stage":"finished","steps":[],"attachments":[],"parameters":[],"start":1751481783447,"stop":1751481783447},{"name":"When the app shows HbA1C value 6.1","status":"broken","statusDetails":{"known":false,"muted":false,"flaky":false,"message":"no such element: Unable to locate element: {\"method\":\"xpath\",\"selector\":\"preceding-sibling::*[1]\"}\n  (Session info: chrome=137.0.7151.120)\nFor documentation on this error, please visit: https://www.selenium.dev/documentation/webdriver/troubleshooting/errors#no-such-element-exception\nBuild info: version: '4.33.0', revision: '2c6aaad03a'\nSystem info: os.name: 'Windows 11', os.arch: 'amd64', os.version: '10.0', java.version: '22.0.2'\nDriver info: org.openqa.selenium.chrome.ChromeDriver\nCommand: [fc7f8b498125b85916a1c91ffb1db8ab, findChildElement {id=f.D152C287E2D41C544520AA657BE609A1.d.0FE19CA815D7FD6A4599A721C497B646.e.484, value=preceding-sibling::*[1], using=xpath}]\nCapabilities {acceptInsecureCerts: false, browserName: chrome, browserVersion: 137.0.7151.120, chrome: {chromedriverVersion: 137.0.7151.119 (e0ac9d12dff..., userDataDir: C:\\Users\\bloss\\AppData\\Loca...}, fedcm:accounts: true, goog:chromeOptions: {debuggerAddress: localhost:65181}, networkConnectionEnabled: false, pageLoadStrategy: normal, platformName: windows, proxy: Proxy(), se:cdp: ws://localhost:65181/devtoo..., se:cdpVersion: 137.0.7151.120, setWindowRect: true, strictFileInteractability: false, timeouts: {implicit: 0, pageLoad: 300000, script: 30000}, unhandledPromptBehavior: dismiss and notify, webauthn:extension:credBlob: true, webauthn:extension:largeBlob: true, webauthn:extension:minPinLength: true, webauthn:extension:prf: true, webauthn:virtualAuthenticators: true}\nSession ID: fc7f8b498125b85916a1c91ffb1db8ab","trace":"org.openqa.selenium.NoSuchElementException: no such element: Unable to locate element: {\"method\":\"xpath\",\"selector\":\"preceding-sibling::*[1]\"}\n  (Session info: chrome=137.0.7151.120)\nFor documentation on this error, please visit: https://www.selenium.dev/documentation/webdriver/troubleshooting/errors#no-such-element-exception\nBuild info: version: '4.33.0', revision: '2c6aaad03a'\nSystem info: os.name: 'Windows 11', os.arch: 'amd64', os.version: '10.0', java.version: '22.0.2'\nDriver info: org.openqa.selenium.chrome.ChromeDriver\nCommand: [fc7f8b498125b85916a1c91ffb1db8ab, findChildElement {id=f.D152C287E2D41C544520AA657BE609A1.d.0FE19CA815D7FD6A4599A721C497B646.e.484, value=preceding-sibling::*[1], using=xpath}]\nCapabilities {acceptInsecureCerts: false, browserName: chrome, browserVersion: 137.0.7151.120, chrome: {chromedriverVersion: 137.0.7151.119 (e0ac9d12dff..., userDataDir: C:\\Users\\bloss\\AppData\\Loca...}, fedcm:accounts: true, goog:chromeOptions: {debuggerAddress: localhost:65181}, networkConnectionEnabled: false, pageLoadStrategy: normal, platformName: windows, proxy: Proxy(), se:cdp: ws://localhost:65181/devtoo..., se:cdpVersion: 137.0.7151.120, setWindowRect: true, strictFileInteractability: false, timeouts: {implicit: 0, pageLoad: 300000, script: 30000}, unhandledPromptBehavior: dismiss and notify, webauthn:extension:credBlob: true, webauthn:extension:largeBlob: true, webauthn:extension:minPinLength: true, webauthn:extension:prf: true, webauthn:virtualAuthenticators: true}\nSession ID: fc7f8b498125b85916a1c91ffb1db8ab\r\n\tat java.base/jdk.internal.reflect.DirectConstructorHandleAccessor.newInstance(DirectConstructorHandleAccessor.java:62)\r\n\tat java.base/java.lang.reflect.Constructor.newInstanceWithCaller(Constructor.java:502)\r\n\tat java.base/java.lang.reflect.Constructor.newInstance(Constructor.java:486)\r\n\tat org.openqa.selenium.remote.ErrorCodec.decode(ErrorCodec.java:167)\r\n\tat org.openqa.selenium.remote.codec.w3c.W3CHttpResponseCodec.decode(W3CHttpResponseCodec.java:138)\r\n\tat org.openqa.selenium.remote.codec.w3c.W3CHttpResponseCodec.decode(W3CHttpResponseCodec.java:50)\r\n\tat org.openqa.selenium.remote.HttpCommandExecutor.execute(HttpCommandExecutor.java:215)\r\n\tat org.openqa.selenium.remote.service.DriverCommandExecutor.invokeExecute(DriverCommandExecutor.java:216)\r\n\tat org.openqa.selenium.remote.service.DriverCommandExecutor.execute(DriverCommandExecutor.java:174)\r\n\tat org.openqa.selenium.remote.RemoteWebDriver.execute(RemoteWebDriver.java:544)\r\n\tat org.openqa.selenium.remote.ElementLocation$ElementFinder$2.findElement(ElementLocation.java:165)\r\n\tat org.openqa.selenium.remote.ElementLocation.findElement(ElementLocation.java:59)\r\n\tat org.openqa.selenium.remote.RemoteWebDriver.findElement(RemoteWebDriver.java:367)\r\n\tat org.openqa.selenium.remote.RemoteWebElement.findElement(RemoteWebElement.java:211)\r\n\tat pageFactory.HomepageVitalPage.jsSetSquareValue(HomepageVitalPage.java:213)\r\n\tat pageFactory.HomepageVitalPage.injectHbA1CValue(HomepageVitalPage.java:86)\r\n\tat stepDefinition.HomepageVitalSteps.the_app_shows_hba1c_value(HomepageVitalSteps.java:89)\r\n\tat ✽.the app shows HbA1C value 6.1(file:///C:/Users/bloss/git/Team4_WellnessWarriors_Seleniumhackathon_June25/src/test/resources/features/HomepageVital.feature:62)\r\n"},"stage":"finished","steps":[],"attachments":[],"parameters":[],"start":1751481783447,"stop":1751481793541},{"name":"hooks.Hooks.afterStep(io.cucumber.java.Scenario)","status":"passed","statusDetails":{"known":false,"muted":false,"flaky":false},"stage":"finished","steps":[],"attachments":[{"name":"My screenshot","source":"3d2eb5b5-1eee-49c3-ad82-0412d19782c3-attachment","type":"image/png"},{"name":"Myscreenshot","source":"5ddfd939-a189-4f7f-8cbe-a84c7c96f880-attachment"}],"parameters":[],"start":1751481793541,"stop":1751481793745},{"name":"Then the condition text equals \"Pre-Diabetic\"","status":"skipped","statusDetails":{"known":false,"muted":false,"flaky":false},"stage":"finished","steps":[],"attachments":[],"parameters":[],"start":1751481793745,"stop":1751481793745},{"name":"hooks.Hooks.afterStep(io.cucumber.java.Scenario)","status":"skipped","statusDetails":{"known":false,"muted":false,"flaky":false},"stage":"finished","steps":[],"attachments":[],"parameters":[],"start":1751481793746,"stop":1751481793746}],"attachments":[],"parameters":[{"name":"value","value":"6.1"},{"name":"condition","value":"Pre-Diabetic"}],"start":1751481777333,"stop":1751481793935}