{"uuid":"3eebf84b-03de-4c7c-ad4b-a81789d73da8","historyId":"b10aee008cd90e2f1b992f9aaedce955","testCaseId":"2cb637fdfaf769804582bd23bed8e088","fullName":"src/test/resources/features/Payment.feature:8","labels":[{"name":"tag","value":"smoke"},{"name":"tag","value":"pay"},{"name":"host","value":"Blossoms"},{"name":"thread","value":"21868@Blossoms.main(1)"},{"name":"feature","value":"Upgrade-to-Premium payment validation"},{"name":"story","value":"User clicks Pay with empty fields"},{"name":"suite","value":"Upgrade-to-Premium payment validation"},{"name":"testClass","value":"User clicks Pay with empty fields"},{"name":"framework","value":"cucumber4jvm"},{"name":"language","value":"java"},{"name":"gherkin_uri","value":"file:///C:/Users/bloss/git/Team4_WellnessWarriors_Seleniumhackathon_June25/src/test/resources/features/Payment.feature"},{"name":"package","value":"src.test.resources.features.Payment_feature.Upgrade-to-Premium payment validation"}],"links":[],"name":"User clicks Pay with empty fields","status":"failed","statusDetails":{"known":false,"muted":false,"flaky":false,"message":"Expected at least one validation message to appear expected [true] but found [false]","trace":"java.lang.AssertionError: Expected at least one validation message to appear expected [true] but found [false]\r\n\tat org.testng.Assert.fail(Assert.java:111)\r\n\tat org.testng.Assert.failNotEquals(Assert.java:1590)\r\n\tat org.testng.Assert.assertTrue(Assert.java:57)\r\n\tat stepDefinition.PaymentSteps.empty_field_errors(PaymentSteps.java:45)\r\n\tat ✽.user should see field specific messages(file:///C:/Users/bloss/git/Team4_WellnessWarriors_Seleniumhackathon_June25/src/test/resources/features/Payment.feature:11)\r\n"},"stage":"finished","steps":[{"name":"Given a free test user logs in and opens the Free vs Premium Account Features page","status":"passed","statusDetails":{"known":false,"muted":false,"flaky":false},"stage":"finished","steps":[],"attachments":[],"parameters":[],"start":1751406224501,"stop":1751406228641},{"name":"hooks.Hooks.afterStep(io.cucumber.java.Scenario)","status":"passed","statusDetails":{"known":false,"muted":false,"flaky":false},"stage":"finished","steps":[],"attachments":[],"parameters":[],"start":1751406228642,"stop":1751406228643},{"name":"Given the user clicks the Upgrade to Premium button","status":"passed","statusDetails":{"known":false,"muted":false,"flaky":false},"stage":"finished","steps":[],"attachments":[],"parameters":[],"start":1751406228644,"stop":1751406228727},{"name":"hooks.Hooks.afterStep(io.cucumber.java.Scenario)","status":"passed","statusDetails":{"known":false,"muted":false,"flaky":false},"stage":"finished","steps":[],"attachments":[],"parameters":[],"start":1751406228728,"stop":1751406228728},{"name":"Given the user is on the Upgrade to Premium payment page","status":"passed","statusDetails":{"known":false,"muted":false,"flaky":false},"stage":"finished","steps":[],"attachments":[],"parameters":[],"start":1751406228729,"stop":1751406229330},{"name":"hooks.Hooks.afterStep(io.cucumber.java.Scenario)","status":"passed","statusDetails":{"known":false,"muted":false,"flaky":false},"stage":"finished","steps":[],"attachments":[],"parameters":[],"start":1751406229330,"stop":1751406229330},{"name":"When the user clicks Pay without entering any card details","status":"passed","statusDetails":{"known":false,"muted":false,"flaky":false},"stage":"finished","steps":[],"attachments":[],"parameters":[],"start":1751406229331,"stop":1751406229991},{"name":"hooks.Hooks.afterStep(io.cucumber.java.Scenario)","status":"passed","statusDetails":{"known":false,"muted":false,"flaky":false},"stage":"finished","steps":[],"attachments":[],"parameters":[],"start":1751406229992,"stop":1751406229992},{"name":"Then user should see field specific messages","status":"failed","statusDetails":{"known":false,"muted":false,"flaky":false,"message":"Expected at least one validation message to appear expected [true] but found [false]","trace":"java.lang.AssertionError: Expected at least one validation message to appear expected [true] but found [false]\r\n\tat org.testng.Assert.fail(Assert.java:111)\r\n\tat org.testng.Assert.failNotEquals(Assert.java:1590)\r\n\tat org.testng.Assert.assertTrue(Assert.java:57)\r\n\tat stepDefinition.PaymentSteps.empty_field_errors(PaymentSteps.java:45)\r\n\tat ✽.user should see field specific messages(file:///C:/Users/bloss/git/Team4_WellnessWarriors_Seleniumhackathon_June25/src/test/resources/features/Payment.feature:11)\r\n"},"stage":"finished","steps":[],"attachments":[],"parameters":[],"start":1751406229993,"stop":1751406260151},{"name":"hooks.Hooks.afterStep(io.cucumber.java.Scenario)","status":"passed","statusDetails":{"known":false,"muted":false,"flaky":false},"stage":"finished","steps":[],"attachments":[{"name":"My screenshot","source":"b5f47a11-fd3f-4eb2-803f-c0c201f29318-attachment","type":"image/png"},{"name":"Myscreenshot","source":"3aafb674-a119-406a-a8e6-9af34fa5f720-attachment"}],"parameters":[],"start":1751406260155,"stop":1751406260354}],"attachments":[],"parameters":[],"start":1751406217555,"stop":1751406260681}