{"uuid":"4c9f65f3-82cb-456e-9d29-0db86103977d","historyId":"8c76069fba07c061daf288b674fa1273","testCaseId":"cac76a3b3be5df45436f0dfff7a974f0","fullName":"src/test/resources/features/Loginpage.feature:11","labels":[{"name":"host","value":"LAPTOP-GRVVO5IQ"},{"name":"thread","value":"34284@LAPTOP-GRVVO5IQ.main(1)"},{"name":"feature","value":"Login page field and functional Validation"},{"name":"story","value":"Verify email input rejects invalid email"},{"name":"suite","value":"Login page field and functional Validation"},{"name":"testClass","value":"Verify email input rejects invalid email"},{"name":"framework","value":"cucumber4jvm"},{"name":"language","value":"java"},{"name":"gherkin_uri","value":"file:///C:/seleniumHackathon_Wellness%20Warriers/Team4_WellnessWarriors_Seleniumhackathon_June25/src/test/resources/features/Loginpage.feature"},{"name":"package","value":"src.test.resources.features.Loginpage_feature.Login page field and functional Validation"}],"links":[],"name":"Verify email input rejects invalid email","status":"failed","statusDetails":{"known":false,"muted":false,"flaky":false,"message":"Expected navigation to Create Account page did not happen for invalid email. expected [true] but found [false]","trace":"java.lang.AssertionError: Expected navigation to Create Account page did not happen for invalid email. expected [true] but found [false]\r\n\tat org.testng.Assert.fail(Assert.java:111)\r\n\tat org.testng.Assert.failNotEquals(Assert.java:1590)\r\n\tat org.testng.Assert.assertTrue(Assert.java:57)\r\n\tat stepDefinition.Loginpage_SD.email_field_should_show_validation_error(Loginpage_SD.java:122)\r\n\tat ✽.Email field should show validation error(file:///C:/seleniumHackathon_Wellness%20Warriers/Team4_WellnessWarriors_Seleniumhackathon_June25/src/test/resources/features/Loginpage.feature:13)\r\n"},"stage":"finished","steps":[{"name":"Given User is on SweetBalance homepage","status":"passed","statusDetails":{"known":false,"muted":false,"flaky":false},"stage":"finished","steps":[],"attachments":[],"parameters":[],"start":1751408589733,"stop":1751408589735},{"name":"hooks.Hooks.afterStep(io.cucumber.java.Scenario)","status":"passed","statusDetails":{"known":false,"muted":false,"flaky":false},"stage":"finished","steps":[],"attachments":[],"parameters":[],"start":1751408589735,"stop":1751408589735},{"name":"When User clicks on \"Login\" link","status":"passed","statusDetails":{"known":false,"muted":false,"flaky":false},"stage":"finished","steps":[],"attachments":[],"parameters":[],"start":1751408589735,"stop":1751408589997},{"name":"hooks.Hooks.afterStep(io.cucumber.java.Scenario)","status":"passed","statusDetails":{"known":false,"muted":false,"flaky":false},"stage":"finished","steps":[],"attachments":[],"parameters":[],"start":1751408589998,"stop":1751408589998},{"name":"When User enters an invalid email","status":"passed","statusDetails":{"known":false,"muted":false,"flaky":false},"stage":"finished","steps":[],"attachments":[],"parameters":[],"start":1751408589998,"stop":1751408590000},{"name":"hooks.Hooks.afterStep(io.cucumber.java.Scenario)","status":"passed","statusDetails":{"known":false,"muted":false,"flaky":false},"stage":"finished","steps":[],"attachments":[],"parameters":[],"start":1751408590000,"stop":1751408590000},{"name":"Then Email field should show validation error","status":"failed","statusDetails":{"known":false,"muted":false,"flaky":false,"message":"Expected navigation to Create Account page did not happen for invalid email. expected [true] but found [false]","trace":"java.lang.AssertionError: Expected navigation to Create Account page did not happen for invalid email. expected [true] but found [false]\r\n\tat org.testng.Assert.fail(Assert.java:111)\r\n\tat org.testng.Assert.failNotEquals(Assert.java:1590)\r\n\tat org.testng.Assert.assertTrue(Assert.java:57)\r\n\tat stepDefinition.Loginpage_SD.email_field_should_show_validation_error(Loginpage_SD.java:122)\r\n\tat ✽.Email field should show validation error(file:///C:/seleniumHackathon_Wellness%20Warriers/Team4_WellnessWarriors_Seleniumhackathon_June25/src/test/resources/features/Loginpage.feature:13)\r\n"},"stage":"finished","steps":[],"attachments":[],"parameters":[],"start":1751408590000,"stop":1751408590017},{"name":"hooks.Hooks.afterStep(io.cucumber.java.Scenario)","status":"passed","statusDetails":{"known":false,"muted":false,"flaky":false},"stage":"finished","steps":[],"attachments":[{"name":"My screenshot","source":"903a889e-f4ca-4966-9534-8cb4c3dd62df-attachment","type":"image/png"},{"name":"Myscreenshot","source":"af6ae7f6-4ff3-4eec-8ec0-5959e7f868d6-attachment"}],"parameters":[],"start":1751408590020,"stop":1751408590322}],"attachments":[],"parameters":[],"start":1751408582771,"stop":1751408590504}