{"uuid":"5ef8b09b-fe0f-45a6-8472-6ebe3b0598c1","historyId":"b10aee008cd90e2f1b992f9aaedce955","testCaseId":"2cb637fdfaf769804582bd23bed8e088","fullName":"src/test/resources/features/Payment.feature:8","labels":[{"name":"tag","value":"smoke"},{"name":"tag","value":"pay"},{"name":"host","value":"Blossoms"},{"name":"thread","value":"9032@Blossoms.main(1)"},{"name":"feature","value":"Upgrade-to-Premium payment validation"},{"name":"story","value":"User clicks Pay with empty fields"},{"name":"suite","value":"Upgrade-to-Premium payment validation"},{"name":"testClass","value":"User clicks Pay with empty fields"},{"name":"framework","value":"cucumber4jvm"},{"name":"language","value":"java"},{"name":"gherkin_uri","value":"file:///C:/Users/bloss/git/Team4_WellnessWarriors_Seleniumhackathon_June25/src/test/resources/features/Payment.feature"},{"name":"package","value":"src.test.resources.features.Payment_feature.Upgrade-to-Premium payment validation"}],"links":[],"name":"User clicks Pay with empty fields","status":"failed","statusDetails":{"known":false,"muted":false,"flaky":false,"message":"Expected the validation banner to appear expected [true] but found [false]","trace":"java.lang.AssertionError: Expected the validation banner to appear expected [true] but found [false]\r\n\tat org.testng.Assert.fail(Assert.java:111)\r\n\tat org.testng.Assert.failNotEquals(Assert.java:1590)\r\n\tat org.testng.Assert.assertTrue(Assert.java:57)\r\n\tat stepDefinition.PaymentSteps.empty_field_errors(PaymentSteps.java:20)\r\n\tat ✽.user should see field specific messages(file:///C:/Users/bloss/git/Team4_WellnessWarriors_Seleniumhackathon_June25/src/test/resources/features/Payment.feature:11)\r\n"},"stage":"finished","steps":[{"name":"Given a free test user logs in and opens the Free vs Premium Account Features page","status":"passed","statusDetails":{"known":false,"muted":false,"flaky":false},"stage":"finished","steps":[],"attachments":[],"parameters":[],"start":1751408157907,"stop":1751408162184},{"name":"hooks.Hooks.afterStep(io.cucumber.java.Scenario)","status":"passed","statusDetails":{"known":false,"muted":false,"flaky":false},"stage":"finished","steps":[],"attachments":[],"parameters":[],"start":1751408162185,"stop":1751408162187},{"name":"Given the user clicks the Upgrade to Premium button","status":"passed","statusDetails":{"known":false,"muted":false,"flaky":false},"stage":"finished","steps":[],"attachments":[],"parameters":[],"start":1751408162187,"stop":1751408162269},{"name":"hooks.Hooks.afterStep(io.cucumber.java.Scenario)","status":"passed","statusDetails":{"known":false,"muted":false,"flaky":false},"stage":"finished","steps":[],"attachments":[],"parameters":[],"start":1751408162270,"stop":1751408162270},{"name":"Given the user is on the Upgrade to Premium payment page","status":"passed","statusDetails":{"known":false,"muted":false,"flaky":false},"stage":"finished","steps":[],"attachments":[],"parameters":[],"start":1751408162270,"stop":1751408162871},{"name":"hooks.Hooks.afterStep(io.cucumber.java.Scenario)","status":"passed","statusDetails":{"known":false,"muted":false,"flaky":false},"stage":"finished","steps":[],"attachments":[],"parameters":[],"start":1751408162872,"stop":1751408162872},{"name":"When the user clicks Pay without entering any card details","status":"passed","statusDetails":{"known":false,"muted":false,"flaky":false},"stage":"finished","steps":[],"attachments":[],"parameters":[],"start":1751408162873,"stop":1751408163406},{"name":"hooks.Hooks.afterStep(io.cucumber.java.Scenario)","status":"passed","statusDetails":{"known":false,"muted":false,"flaky":false},"stage":"finished","steps":[],"attachments":[],"parameters":[],"start":1751408163407,"stop":1751408163407},{"name":"Then user should see field specific messages","status":"failed","statusDetails":{"known":false,"muted":false,"flaky":false,"message":"Expected the validation banner to appear expected [true] but found [false]","trace":"java.lang.AssertionError: Expected the validation banner to appear expected [true] but found [false]\r\n\tat org.testng.Assert.fail(Assert.java:111)\r\n\tat org.testng.Assert.failNotEquals(Assert.java:1590)\r\n\tat org.testng.Assert.assertTrue(Assert.java:57)\r\n\tat stepDefinition.PaymentSteps.empty_field_errors(PaymentSteps.java:20)\r\n\tat ✽.user should see field specific messages(file:///C:/Users/bloss/git/Team4_WellnessWarriors_Seleniumhackathon_June25/src/test/resources/features/Payment.feature:11)\r\n"},"stage":"finished","steps":[],"attachments":[],"parameters":[],"start":1751408163408,"stop":1751408173501},{"name":"hooks.Hooks.afterStep(io.cucumber.java.Scenario)","status":"passed","statusDetails":{"known":false,"muted":false,"flaky":false},"stage":"finished","steps":[],"attachments":[{"name":"My screenshot","source":"bd0bfc6e-c4f0-4ac8-8960-346726aeacd4-attachment","type":"image/png"},{"name":"Myscreenshot","source":"8ce3729e-80c9-4381-8dc3-24f1dc701b63-attachment"}],"parameters":[],"start":1751408173504,"stop":1751408173687}],"attachments":[],"parameters":[],"start":1751408151952,"stop":1751408173966}