{"uuid":"712432e5-7cf0-4dba-a335-171e0759d6f1","historyId":"4a95990d71820634528eb1d800d6589b","testCaseId":"adfb48ade8d78ef02a55e6e54447b452","fullName":"src/test/resources/features/Upgrade.feature:41","labels":[{"name":"tag","value":"smoke"},{"name":"tag","value":"pay"},{"name":"host","value":"Blossoms"},{"name":"thread","value":"15748@Blossoms.main(1)"},{"name":"feature","value":"Upgrade-to-Premium payment page validation"},{"name":"story","value":"Cancel-anytime text is visible"},{"name":"suite","value":"Upgrade-to-Premium payment page validation"},{"name":"testClass","value":"Cancel-anytime text is visible"},{"name":"framework","value":"cucumber4jvm"},{"name":"language","value":"java"},{"name":"gherkin_uri","value":"file:///C:/Users/bloss/git/Team4_WellnessWarriors_Seleniumhackathon_June25/src/test/resources/features/Upgrade.feature"},{"name":"package","value":"src.test.resources.features.Upgrade_feature.Upgrade-to-Premium payment page validation"}],"links":[],"name":"Cancel-anytime text is visible","status":"failed","statusDetails":{"known":false,"muted":false,"flaky":false,"message":"expected [true] but found [false]","trace":"java.lang.AssertionError: expected [true] but found [false]\r\n\tat org.testng.Assert.fail(Assert.java:111)\r\n\tat org.testng.Assert.failNotEquals(Assert.java:1590)\r\n\tat org.testng.Assert.assertTrue(Assert.java:57)\r\n\tat org.testng.Assert.assertTrue(Assert.java:67)\r\n\tat stepDefinition.UpgradeSteps.arbitrary_text_visible(UpgradeSteps.java:60)\r\n\tat ✽.the text \"cancel anytime\" should be visible(file:///C:/Users/bloss/git/Team4_WellnessWarriors_Seleniumhackathon_June25/src/test/resources/features/Upgrade.feature:44)\r\n"},"stage":"finished","steps":[{"name":"Given a free test user logs in and opens the Free vs Premium Account Features page","status":"passed","statusDetails":{"known":false,"muted":false,"flaky":false},"stage":"finished","steps":[],"attachments":[],"parameters":[],"start":1751375190249,"stop":1751375193818},{"name":"hooks.Hooks.afterStep(io.cucumber.java.Scenario)","status":"passed","statusDetails":{"known":false,"muted":false,"flaky":false},"stage":"finished","steps":[],"attachments":[],"parameters":[],"start":1751375193818,"stop":1751375193818},{"name":"And the user clicks the Upgrade to Premium button","status":"passed","statusDetails":{"known":false,"muted":false,"flaky":false},"stage":"finished","steps":[],"attachments":[],"parameters":[],"start":1751375193819,"stop":1751375193894},{"name":"hooks.Hooks.afterStep(io.cucumber.java.Scenario)","status":"passed","statusDetails":{"known":false,"muted":false,"flaky":false},"stage":"finished","steps":[],"attachments":[],"parameters":[],"start":1751375193894,"stop":1751375193895},{"name":"Given the user is on the Upgrade to Premium payment page","status":"passed","statusDetails":{"known":false,"muted":false,"flaky":false},"stage":"finished","steps":[],"attachments":[],"parameters":[],"start":1751375193895,"stop":1751375194499},{"name":"hooks.Hooks.afterStep(io.cucumber.java.Scenario)","status":"passed","statusDetails":{"known":false,"muted":false,"flaky":false},"stage":"finished","steps":[],"attachments":[],"parameters":[],"start":1751375194499,"stop":1751375194499},{"name":"When the user does not take any action","status":"passed","statusDetails":{"known":false,"muted":false,"flaky":false},"stage":"finished","steps":[],"attachments":[],"parameters":[],"start":1751375194500,"stop":1751375194500},{"name":"hooks.Hooks.afterStep(io.cucumber.java.Scenario)","status":"passed","statusDetails":{"known":false,"muted":false,"flaky":false},"stage":"finished","steps":[],"attachments":[],"parameters":[],"start":1751375194501,"stop":1751375194501},{"name":"Then the text \"cancel anytime\" should be visible","status":"failed","statusDetails":{"known":false,"muted":false,"flaky":false,"message":"expected [true] but found [false]","trace":"java.lang.AssertionError: expected [true] but found [false]\r\n\tat org.testng.Assert.fail(Assert.java:111)\r\n\tat org.testng.Assert.failNotEquals(Assert.java:1590)\r\n\tat org.testng.Assert.assertTrue(Assert.java:57)\r\n\tat org.testng.Assert.assertTrue(Assert.java:67)\r\n\tat stepDefinition.UpgradeSteps.arbitrary_text_visible(UpgradeSteps.java:60)\r\n\tat ✽.the text \"cancel anytime\" should be visible(file:///C:/Users/bloss/git/Team4_WellnessWarriors_Seleniumhackathon_June25/src/test/resources/features/Upgrade.feature:44)\r\n"},"stage":"finished","steps":[],"attachments":[],"parameters":[],"start":1751375194501,"stop":1751375194560},{"name":"hooks.Hooks.afterStep(io.cucumber.java.Scenario)","status":"passed","statusDetails":{"known":false,"muted":false,"flaky":false},"stage":"finished","steps":[],"attachments":[{"name":"My screenshot","source":"5bb1d938-21e7-4b87-9f69-dbe95e0d48ce-attachment","type":"image/png"},{"name":"Myscreenshot","source":"86c28d07-733a-4b8f-8089-5db1f8559261-attachment"}],"parameters":[],"start":1751375194562,"stop":1751375194775}],"attachments":[],"parameters":[],"start":1751375187336,"stop":1751375194955}