{"uuid":"94ff9a27-b1f7-4057-9c75-70a946fd7877","historyId":"5a0c6ca8c537bf23798c5318e5414422","testCaseId":"ba8e5001886916c7b433acae7ef275a8","fullName":"src/test/resources/features/Login.feature:57","labels":[{"name":"host","value":"LAPTOP-GRVVO5IQ"},{"name":"thread","value":"50352@LAPTOP-GRVVO5IQ.main(1)"},{"name":"feature","value":"Login Page UI Verification"},{"name":"story","value":"Verify email input rejects invalid email"},{"name":"suite","value":"Login Page UI Verification"},{"name":"testClass","value":"Verify email input rejects invalid email"},{"name":"framework","value":"cucumber4jvm"},{"name":"language","value":"java"},{"name":"gherkin_uri","value":"file:///C:/seleniumHackathon_Wellness%20Warriers/Team4_WellnessWarriors_Seleniumhackathon_June25/src/test/resources/features/Login.feature"},{"name":"package","value":"src.test.resources.features.Login_feature.Login Page UI Verification"}],"links":[],"name":"Verify email input rejects invalid email","status":"failed","statusDetails":{"known":false,"muted":false,"flaky":false,"message":"Expected navigation to Create Account page did not happen for invalid email. expected [true] but found [false]","trace":"java.lang.AssertionError: Expected navigation to Create Account page did not happen for invalid email. expected [true] but found [false]\r\n\tat org.testng.Assert.fail(Assert.java:111)\r\n\tat org.testng.Assert.failNotEquals(Assert.java:1590)\r\n\tat org.testng.Assert.assertTrue(Assert.java:57)\r\n\tat stepDefinition.Loginpage_SD.email_field_should_show_validation_error(Loginpage_SD.java:113)\r\n\tat ✽.Email field should show validation error(file:///C:/seleniumHackathon_Wellness%20Warriers/Team4_WellnessWarriors_Seleniumhackathon_June25/src/test/resources/features/Login.feature:60)\r\n"},"stage":"finished","steps":[{"name":"Given User is on the login page","status":"passed","statusDetails":{"known":false,"muted":false,"flaky":false},"stage":"finished","steps":[],"attachments":[],"parameters":[],"start":1751337585448,"stop":1751337585454},{"name":"hooks.Hooks.afterStep(io.cucumber.java.Scenario)","status":"passed","statusDetails":{"known":false,"muted":false,"flaky":false},"stage":"finished","steps":[],"attachments":[],"parameters":[],"start":1751337585454,"stop":1751337585454},{"name":"When User enters an invalid email","status":"passed","statusDetails":{"known":false,"muted":false,"flaky":false},"stage":"finished","steps":[],"attachments":[],"parameters":[],"start":1751337585454,"stop":1751337585458},{"name":"hooks.Hooks.afterStep(io.cucumber.java.Scenario)","status":"passed","statusDetails":{"known":false,"muted":false,"flaky":false},"stage":"finished","steps":[],"attachments":[],"parameters":[],"start":1751337585458,"stop":1751337585458},{"name":"Then Email field should show validation error","status":"failed","statusDetails":{"known":false,"muted":false,"flaky":false,"message":"Expected navigation to Create Account page did not happen for invalid email. expected [true] but found [false]","trace":"java.lang.AssertionError: Expected navigation to Create Account page did not happen for invalid email. expected [true] but found [false]\r\n\tat org.testng.Assert.fail(Assert.java:111)\r\n\tat org.testng.Assert.failNotEquals(Assert.java:1590)\r\n\tat org.testng.Assert.assertTrue(Assert.java:57)\r\n\tat stepDefinition.Loginpage_SD.email_field_should_show_validation_error(Loginpage_SD.java:113)\r\n\tat ✽.Email field should show validation error(file:///C:/seleniumHackathon_Wellness%20Warriers/Team4_WellnessWarriors_Seleniumhackathon_June25/src/test/resources/features/Login.feature:60)\r\n"},"stage":"finished","steps":[],"attachments":[],"parameters":[],"start":1751337585458,"stop":1751337585469},{"name":"hooks.Hooks.afterStep(io.cucumber.java.Scenario)","status":"passed","statusDetails":{"known":false,"muted":false,"flaky":false},"stage":"finished","steps":[],"attachments":[{"name":"My screenshot","source":"e29a9dae-177e-47c7-8bf1-a51a49337543-attachment","type":"image/png"},{"name":"Myscreenshot","source":"26c09fab-036b-4d2a-a69e-631bebe80074-attachment"}],"parameters":[],"start":1751337585469,"stop":1751337585620}],"attachments":[],"parameters":[],"start":1751337581250,"stop":1751337585793}