{"uuid":"9e9569af-3d12-4309-bc4e-45b73d7ff1ec","historyId":"8c76069fba07c061daf288b674fa1273","testCaseId":"cac76a3b3be5df45436f0dfff7a974f0","fullName":"src/test/resources/features/Loginpage.feature:11","labels":[{"name":"host","value":"LAPTOP-GRVVO5IQ"},{"name":"thread","value":"54168@LAPTOP-GRVVO5IQ.main(1)"},{"name":"feature","value":"Login page field and functional Validation"},{"name":"story","value":"Verify email input rejects invalid email"},{"name":"suite","value":"Login page field and functional Validation"},{"name":"testClass","value":"Verify email input rejects invalid email"},{"name":"framework","value":"cucumber4jvm"},{"name":"language","value":"java"},{"name":"gherkin_uri","value":"file:///C:/seleniumHackathon_Wellness%20Warriers/Team4_WellnessWarriors_Seleniumhackathon_June25/src/test/resources/features/Loginpage.feature"},{"name":"package","value":"src.test.resources.features.Loginpage_feature.Login page field and functional Validation"}],"links":[],"name":"Verify email input rejects invalid email","status":"failed","statusDetails":{"known":false,"muted":false,"flaky":false,"message":"Expected navigation to Create Account page did not happen for invalid email. expected [true] but found [false]","trace":"java.lang.AssertionError: Expected navigation to Create Account page did not happen for invalid email. expected [true] but found [false]\r\n\tat org.testng.Assert.fail(Assert.java:111)\r\n\tat org.testng.Assert.failNotEquals(Assert.java:1590)\r\n\tat org.testng.Assert.assertTrue(Assert.java:57)\r\n\tat stepDefinition.Loginpage_SD.email_field_should_show_validation_error(Loginpage_SD.java:122)\r\n\tat ✽.Email field should show validation error(file:///C:/seleniumHackathon_Wellness%20Warriers/Team4_WellnessWarriors_Seleniumhackathon_June25/src/test/resources/features/Loginpage.feature:13)\r\n"},"stage":"finished","steps":[{"name":"Given User is on SweetBalance homepage","status":"passed","statusDetails":{"known":false,"muted":false,"flaky":false},"stage":"finished","steps":[],"attachments":[],"parameters":[],"start":1751408425784,"stop":1751408425786},{"name":"hooks.Hooks.afterStep(io.cucumber.java.Scenario)","status":"passed","statusDetails":{"known":false,"muted":false,"flaky":false},"stage":"finished","steps":[],"attachments":[],"parameters":[],"start":1751408425788,"stop":1751408425788},{"name":"When User clicks on \"Login\" link","status":"passed","statusDetails":{"known":false,"muted":false,"flaky":false},"stage":"finished","steps":[],"attachments":[],"parameters":[],"start":1751408425789,"stop":1751408431857},{"name":"hooks.Hooks.afterStep(io.cucumber.java.Scenario)","status":"passed","statusDetails":{"known":false,"muted":false,"flaky":false},"stage":"finished","steps":[],"attachments":[],"parameters":[],"start":1751408431858,"stop":1751408431858},{"name":"When User enters an invalid email","status":"passed","statusDetails":{"known":false,"muted":false,"flaky":false},"stage":"finished","steps":[],"attachments":[],"parameters":[],"start":1751408431859,"stop":1751408431860},{"name":"hooks.Hooks.afterStep(io.cucumber.java.Scenario)","status":"passed","statusDetails":{"known":false,"muted":false,"flaky":false},"stage":"finished","steps":[],"attachments":[],"parameters":[],"start":1751408431860,"stop":1751408431861},{"name":"Then Email field should show validation error","status":"failed","statusDetails":{"known":false,"muted":false,"flaky":false,"message":"Expected navigation to Create Account page did not happen for invalid email. expected [true] but found [false]","trace":"java.lang.AssertionError: Expected navigation to Create Account page did not happen for invalid email. expected [true] but found [false]\r\n\tat org.testng.Assert.fail(Assert.java:111)\r\n\tat org.testng.Assert.failNotEquals(Assert.java:1590)\r\n\tat org.testng.Assert.assertTrue(Assert.java:57)\r\n\tat stepDefinition.Loginpage_SD.email_field_should_show_validation_error(Loginpage_SD.java:122)\r\n\tat ✽.Email field should show validation error(file:///C:/seleniumHackathon_Wellness%20Warriers/Team4_WellnessWarriors_Seleniumhackathon_June25/src/test/resources/features/Loginpage.feature:13)\r\n"},"stage":"finished","steps":[],"attachments":[],"parameters":[],"start":1751408431861,"stop":1751408431880},{"name":"hooks.Hooks.afterStep(io.cucumber.java.Scenario)","status":"passed","statusDetails":{"known":false,"muted":false,"flaky":false},"stage":"finished","steps":[],"attachments":[{"name":"My screenshot","source":"f3e42892-f5c1-4a48-bbc0-22986fc6a6b8-attachment","type":"image/png"},{"name":"Myscreenshot","source":"e2fec8a1-fb0c-49ba-a1a5-e80d8f1c2de8-attachment"}],"parameters":[],"start":1751408431883,"stop":1751408432188}],"attachments":[],"parameters":[],"start":1751408424900,"stop":1751408432369}