{"uuid":"ca54ed85-b956-4e57-b43e-836c5720fb1d","historyId":"b10aee008cd90e2f1b992f9aaedce955","testCaseId":"2cb637fdfaf769804582bd23bed8e088","fullName":"src/test/resources/features/Payment.feature:8","labels":[{"name":"tag","value":"smoke"},{"name":"tag","value":"pay"},{"name":"host","value":"Blossoms"},{"name":"thread","value":"22496@Blossoms.main(1)"},{"name":"feature","value":"Upgrade-to-Premium payment validation"},{"name":"story","value":"User clicks Pay with empty fields"},{"name":"suite","value":"Upgrade-to-Premium payment validation"},{"name":"testClass","value":"User clicks Pay with empty fields"},{"name":"framework","value":"cucumber4jvm"},{"name":"language","value":"java"},{"name":"gherkin_uri","value":"file:///C:/Users/bloss/git/Team4_WellnessWarriors_Seleniumhackathon_June25/src/test/resources/features/Payment.feature"},{"name":"package","value":"src.test.resources.features.Payment_feature.Upgrade-to-Premium payment validation"}],"links":[],"name":"User clicks Pay with empty fields","status":"failed","statusDetails":{"known":false,"muted":false,"flaky":false,"message":"Expected the generic validation banner to appear expected [true] but found [false]","trace":"java.lang.AssertionError: Expected the generic validation banner to appear expected [true] but found [false]\r\n\tat org.testng.Assert.fail(Assert.java:111)\r\n\tat org.testng.Assert.failNotEquals(Assert.java:1590)\r\n\tat org.testng.Assert.assertTrue(Assert.java:57)\r\n\tat stepDefinition.PaymentSteps.empty_field_errors(PaymentSteps.java:55)\r\n\tat ✽.user should see field specific messages(file:///C:/Users/bloss/git/Team4_WellnessWarriors_Seleniumhackathon_June25/src/test/resources/features/Payment.feature:11)\r\n"},"stage":"finished","steps":[{"name":"Given a free test user logs in and opens the Free vs Premium Account Features page","status":"passed","statusDetails":{"known":false,"muted":false,"flaky":false},"stage":"finished","steps":[],"attachments":[],"parameters":[],"start":1751406812216,"stop":1751406816086},{"name":"hooks.Hooks.afterStep(io.cucumber.java.Scenario)","status":"passed","statusDetails":{"known":false,"muted":false,"flaky":false},"stage":"finished","steps":[],"attachments":[],"parameters":[],"start":1751406816088,"stop":1751406816090},{"name":"Given the user clicks the Upgrade to Premium button","status":"passed","statusDetails":{"known":false,"muted":false,"flaky":false},"stage":"finished","steps":[],"attachments":[],"parameters":[],"start":1751406816091,"stop":1751406816180},{"name":"hooks.Hooks.afterStep(io.cucumber.java.Scenario)","status":"passed","statusDetails":{"known":false,"muted":false,"flaky":false},"stage":"finished","steps":[],"attachments":[],"parameters":[],"start":1751406816181,"stop":1751406816181},{"name":"Given the user is on the Upgrade to Premium payment page","status":"passed","statusDetails":{"known":false,"muted":false,"flaky":false},"stage":"finished","steps":[],"attachments":[],"parameters":[],"start":1751406816181,"stop":1751406816797},{"name":"hooks.Hooks.afterStep(io.cucumber.java.Scenario)","status":"passed","statusDetails":{"known":false,"muted":false,"flaky":false},"stage":"finished","steps":[],"attachments":[],"parameters":[],"start":1751406816797,"stop":1751406816798},{"name":"When the user clicks Pay without entering any card details","status":"passed","statusDetails":{"known":false,"muted":false,"flaky":false},"stage":"finished","steps":[],"attachments":[],"parameters":[],"start":1751406816799,"stop":1751406817389},{"name":"hooks.Hooks.afterStep(io.cucumber.java.Scenario)","status":"passed","statusDetails":{"known":false,"muted":false,"flaky":false},"stage":"finished","steps":[],"attachments":[],"parameters":[],"start":1751406817389,"stop":1751406817390},{"name":"Then user should see field specific messages","status":"failed","statusDetails":{"known":false,"muted":false,"flaky":false,"message":"Expected the generic validation banner to appear expected [true] but found [false]","trace":"java.lang.AssertionError: Expected the generic validation banner to appear expected [true] but found [false]\r\n\tat org.testng.Assert.fail(Assert.java:111)\r\n\tat org.testng.Assert.failNotEquals(Assert.java:1590)\r\n\tat org.testng.Assert.assertTrue(Assert.java:57)\r\n\tat stepDefinition.PaymentSteps.empty_field_errors(PaymentSteps.java:55)\r\n\tat ✽.user should see field specific messages(file:///C:/Users/bloss/git/Team4_WellnessWarriors_Seleniumhackathon_June25/src/test/resources/features/Payment.feature:11)\r\n"},"stage":"finished","steps":[],"attachments":[],"parameters":[],"start":1751406817390,"stop":1751406827427},{"name":"hooks.Hooks.afterStep(io.cucumber.java.Scenario)","status":"passed","statusDetails":{"known":false,"muted":false,"flaky":false},"stage":"finished","steps":[],"attachments":[{"name":"My screenshot","source":"c841606b-e646-4728-8f9a-c87cf19f6590-attachment","type":"image/png"},{"name":"Myscreenshot","source":"facdaf71-dc57-4b7c-b5f2-24014964fd81-attachment"}],"parameters":[],"start":1751406827433,"stop":1751406827611}],"attachments":[],"parameters":[],"start":1751406807805,"stop":1751406827955}