{"uuid":"d4ae3da6-18bc-4138-8563-566c7d64279c","historyId":"8c76069fba07c061daf288b674fa1273","testCaseId":"cac76a3b3be5df45436f0dfff7a974f0","fullName":"src/test/resources/features/Loginpage.feature:11","labels":[{"name":"host","value":"LAPTOP-GRVVO5IQ"},{"name":"thread","value":"58016@LAPTOP-GRVVO5IQ.main(1)"},{"name":"feature","value":"Login page field and functional Validation"},{"name":"story","value":"Verify email input rejects invalid email"},{"name":"suite","value":"Login page field and functional Validation"},{"name":"testClass","value":"Verify email input rejects invalid email"},{"name":"framework","value":"cucumber4jvm"},{"name":"language","value":"java"},{"name":"gherkin_uri","value":"file:///C:/seleniumHackathon_Wellness%20Warriers/Team4_WellnessWarriors_Seleniumhackathon_June25/src/test/resources/features/Loginpage.feature"},{"name":"package","value":"src.test.resources.features.Loginpage_feature.Login page field and functional Validation"}],"links":[],"name":"Verify email input rejects invalid email","status":"failed","statusDetails":{"known":false,"muted":false,"flaky":false,"message":"Expected navigation to Create Account page did not happen for invalid email. expected [true] but found [false]","trace":"java.lang.AssertionError: Expected navigation to Create Account page did not happen for invalid email. expected [true] but found [false]\r\n\tat org.testng.Assert.fail(Assert.java:111)\r\n\tat org.testng.Assert.failNotEquals(Assert.java:1590)\r\n\tat org.testng.Assert.assertTrue(Assert.java:57)\r\n\tat stepDefinition.Loginpage_SD.email_field_should_show_validation_error(Loginpage_SD.java:122)\r\n\tat ✽.Email field should show validation error(file:///C:/seleniumHackathon_Wellness%20Warriers/Team4_WellnessWarriors_Seleniumhackathon_June25/src/test/resources/features/Loginpage.feature:13)\r\n"},"stage":"finished","steps":[{"name":"Given User is on SweetBalance homepage","status":"passed","statusDetails":{"known":false,"muted":false,"flaky":false},"stage":"finished","steps":[],"attachments":[],"parameters":[],"start":1751408240283,"stop":1751408240284},{"name":"hooks.Hooks.afterStep(io.cucumber.java.Scenario)","status":"passed","statusDetails":{"known":false,"muted":false,"flaky":false},"stage":"finished","steps":[],"attachments":[],"parameters":[],"start":1751408240284,"stop":1751408240285},{"name":"When User clicks on \"Login\" link","status":"passed","statusDetails":{"known":false,"muted":false,"flaky":false},"stage":"finished","steps":[],"attachments":[],"parameters":[],"start":1751408240285,"stop":1751408240532},{"name":"hooks.Hooks.afterStep(io.cucumber.java.Scenario)","status":"passed","statusDetails":{"known":false,"muted":false,"flaky":false},"stage":"finished","steps":[],"attachments":[],"parameters":[],"start":1751408240532,"stop":1751408240533},{"name":"When User enters an invalid email","status":"passed","statusDetails":{"known":false,"muted":false,"flaky":false},"stage":"finished","steps":[],"attachments":[],"parameters":[],"start":1751408240533,"stop":1751408240534},{"name":"hooks.Hooks.afterStep(io.cucumber.java.Scenario)","status":"passed","statusDetails":{"known":false,"muted":false,"flaky":false},"stage":"finished","steps":[],"attachments":[],"parameters":[],"start":1751408240535,"stop":1751408240535},{"name":"Then Email field should show validation error","status":"failed","statusDetails":{"known":false,"muted":false,"flaky":false,"message":"Expected navigation to Create Account page did not happen for invalid email. expected [true] but found [false]","trace":"java.lang.AssertionError: Expected navigation to Create Account page did not happen for invalid email. expected [true] but found [false]\r\n\tat org.testng.Assert.fail(Assert.java:111)\r\n\tat org.testng.Assert.failNotEquals(Assert.java:1590)\r\n\tat org.testng.Assert.assertTrue(Assert.java:57)\r\n\tat stepDefinition.Loginpage_SD.email_field_should_show_validation_error(Loginpage_SD.java:122)\r\n\tat ✽.Email field should show validation error(file:///C:/seleniumHackathon_Wellness%20Warriers/Team4_WellnessWarriors_Seleniumhackathon_June25/src/test/resources/features/Loginpage.feature:13)\r\n"},"stage":"finished","steps":[],"attachments":[],"parameters":[],"start":1751408240535,"stop":1751408240553},{"name":"hooks.Hooks.afterStep(io.cucumber.java.Scenario)","status":"passed","statusDetails":{"known":false,"muted":false,"flaky":false},"stage":"finished","steps":[],"attachments":[{"name":"My screenshot","source":"ec2d5ffa-6bf9-48a2-bf0e-1474d59b9dba-attachment","type":"image/png"},{"name":"Myscreenshot","source":"706c65d4-8a1a-4e3b-87d0-8e04e2e55a1a-attachment"}],"parameters":[],"start":1751408240556,"stop":1751408240861}],"attachments":[],"parameters":[],"start":1751408235874,"stop":1751408241031}