{"uuid":"f0b034c6-32c6-42aa-adcc-aacf273941a0","historyId":"b10aee008cd90e2f1b992f9aaedce955","testCaseId":"2cb637fdfaf769804582bd23bed8e088","fullName":"src/test/resources/features/Payment.feature:8","labels":[{"name":"tag","value":"smoke"},{"name":"tag","value":"pay"},{"name":"host","value":"Blossoms"},{"name":"thread","value":"7588@Blossoms.main(1)"},{"name":"feature","value":"Upgrade-to-Premium payment validation"},{"name":"story","value":"User clicks Pay with empty fields"},{"name":"suite","value":"Upgrade-to-Premium payment validation"},{"name":"testClass","value":"User clicks Pay with empty fields"},{"name":"framework","value":"cucumber4jvm"},{"name":"language","value":"java"},{"name":"gherkin_uri","value":"file:///C:/Users/bloss/git/Team4_WellnessWarriors_Seleniumhackathon_June25/src/test/resources/features/Payment.feature"},{"name":"package","value":"src.test.resources.features.Payment_feature.Upgrade-to-Premium payment validation"}],"links":[],"name":"User clicks Pay with empty fields","status":"failed","statusDetails":{"known":false,"muted":false,"flaky":false,"message":"Expected the validation banner to appear expected [true] but found [false]","trace":"java.lang.AssertionError: Expected the validation banner to appear expected [true] but found [false]\r\n\tat org.testng.Assert.fail(Assert.java:111)\r\n\tat org.testng.Assert.failNotEquals(Assert.java:1590)\r\n\tat org.testng.Assert.assertTrue(Assert.java:57)\r\n\tat stepDefinition.PaymentSteps.empty_field_errors(PaymentSteps.java:22)\r\n\tat ✽.user should see field specific messages(file:///C:/Users/bloss/git/Team4_WellnessWarriors_Seleniumhackathon_June25/src/test/resources/features/Payment.feature:11)\r\n"},"stage":"finished","steps":[{"name":"Given a free test user logs in and opens the Free vs Premium Account Features page","status":"passed","statusDetails":{"known":false,"muted":false,"flaky":false},"stage":"finished","steps":[],"attachments":[],"parameters":[],"start":1751408787987,"stop":1751408791626},{"name":"hooks.Hooks.afterStep(io.cucumber.java.Scenario)","status":"passed","statusDetails":{"known":false,"muted":false,"flaky":false},"stage":"finished","steps":[],"attachments":[],"parameters":[],"start":1751408791627,"stop":1751408791630},{"name":"Given the user clicks the Upgrade to Premium button","status":"passed","statusDetails":{"known":false,"muted":false,"flaky":false},"stage":"finished","steps":[],"attachments":[],"parameters":[],"start":1751408791631,"stop":1751408791739},{"name":"hooks.Hooks.afterStep(io.cucumber.java.Scenario)","status":"passed","statusDetails":{"known":false,"muted":false,"flaky":false},"stage":"finished","steps":[],"attachments":[],"parameters":[],"start":1751408791739,"stop":1751408791740},{"name":"Given the user is on the Upgrade to Premium payment page","status":"passed","statusDetails":{"known":false,"muted":false,"flaky":false},"stage":"finished","steps":[],"attachments":[],"parameters":[],"start":1751408791740,"stop":1751408792349},{"name":"hooks.Hooks.afterStep(io.cucumber.java.Scenario)","status":"passed","statusDetails":{"known":false,"muted":false,"flaky":false},"stage":"finished","steps":[],"attachments":[],"parameters":[],"start":1751408792350,"stop":1751408792350},{"name":"When the user clicks Pay without entering any card details","status":"passed","statusDetails":{"known":false,"muted":false,"flaky":false},"stage":"finished","steps":[],"attachments":[],"parameters":[],"start":1751408792350,"stop":1751408792921},{"name":"hooks.Hooks.afterStep(io.cucumber.java.Scenario)","status":"passed","statusDetails":{"known":false,"muted":false,"flaky":false},"stage":"finished","steps":[],"attachments":[],"parameters":[],"start":1751408792922,"stop":1751408792922},{"name":"Then user should see field specific messages","status":"failed","statusDetails":{"known":false,"muted":false,"flaky":false,"message":"Expected the validation banner to appear expected [true] but found [false]","trace":"java.lang.AssertionError: Expected the validation banner to appear expected [true] but found [false]\r\n\tat org.testng.Assert.fail(Assert.java:111)\r\n\tat org.testng.Assert.failNotEquals(Assert.java:1590)\r\n\tat org.testng.Assert.assertTrue(Assert.java:57)\r\n\tat stepDefinition.PaymentSteps.empty_field_errors(PaymentSteps.java:22)\r\n\tat ✽.user should see field specific messages(file:///C:/Users/bloss/git/Team4_WellnessWarriors_Seleniumhackathon_June25/src/test/resources/features/Payment.feature:11)\r\n"},"stage":"finished","steps":[],"attachments":[],"parameters":[],"start":1751408792923,"stop":1751408803001},{"name":"hooks.Hooks.afterStep(io.cucumber.java.Scenario)","status":"passed","statusDetails":{"known":false,"muted":false,"flaky":false},"stage":"finished","steps":[],"attachments":[{"name":"My screenshot","source":"d44184d6-dc3f-41b0-9463-33930f357e9a-attachment","type":"image/png"},{"name":"Myscreenshot","source":"b548695d-d5c7-4b87-bd4d-d08f141a079b-attachment"}],"parameters":[],"start":1751408803004,"stop":1751408803217}],"attachments":[],"parameters":[],"start":1751408783133,"stop":1751408803629}